<?xml version="1.0" encoding="UTF-8" standalone="no"?><testsuite errors="3" failures="0" name="Gestión de productos" skipped="0" tests="3" time="0.66" timestamp="2024-10-02 03:50:56"><testcase name="validar compras agregadas al carrito"><error message="org/openqa/selenium/Rotatable" type="java.lang.NoClassDefFoundError">org/openqa/selenium/Rotatable</error><system-err>org/openqa/selenium/Rotatable&#13;
net.thucydides.core.webdriver.WebDriverFactory.createWebDriver(WebDriverFactory.java:164)&#13;
net.thucydides.core.webdriver.WebDriverFactory.newWebdriverInstance(WebDriverFactory.java:142)&#13;
net.thucydides.core.webdriver.WebDriverFacade.newDriverInstance(WebDriverFacade.java:178)&#13;
net.thucydides.core.webdriver.WebDriverFacade.newProxyDriver(WebDriverFacade.java:169)&#13;
net.thucydides.core.webdriver.WebDriverFacade.getProxiedDriver(WebDriverFacade.java:120)&#13;
net.thucydides.core.webdriver.appium.AppiumConfiguration.getTargetPlatform(AppiumConfiguration.java:55)&#13;
net.thucydides.core.webdriver.ElementLocatorFactorySelector.platformFor(ElementLocatorFactorySelector.java:52)&#13;
net.thucydides.core.webdriver.ElementLocatorFactorySelector.getLocatorFor(ElementLocatorFactorySelector.java:42)&#13;
net.thucydides.core.webdriver.ElementLocatorFactorySelector.getLocatorFor(ElementLocatorFactorySelector.java:31)&#13;
net.thucydides.core.annotations.locators.SmartElementProxyCreator.proxyElements(SmartElementProxyCreator.java:21)&#13;
net.thucydides.core.webdriver.DefaultPageObjectInitialiser.apply(DefaultPageObjectInitialiser.java:20)&#13;
net.thucydides.core.pages.PageFactory.createFromSimpleConstructor(PageFactory.java:68)&#13;
net.thucydides.core.pages.PageFactory.createPageOfType(PageFactory.java:38)&#13;
net.thucydides.core.steps.PageObjectDependencyInjector.instantiatePageObjectIfNotAssigned(PageObjectDependencyInjector.java:82)&#13;
net.thucydides.core.steps.PageObjectDependencyInjector.injectDependenciesInto(PageObjectDependencyInjector.java:50)&#13;
net.thucydides.core.steps.StepFactory.injectOtherDependenciesInto(StepFactory.java:208)&#13;
net.thucydides.core.steps.StepFactory.instantiateNewStepLibraryFor(StepFactory.java:198)&#13;
net.thucydides.core.steps.StepFactory.instantiateNewStepLibraryFor(StepFactory.java:179)&#13;
net.thucydides.core.steps.StepFactory.getNewStepLibraryFor(StepFactory.java:126)&#13;
net.thucydides.core.steps.IndividualInstancesByDefaultStepCreationStrategy.initiateStepsFor(IndividualInstancesByDefaultStepCreationStrategy.java:16)&#13;
net.thucydides.core.steps.StepAnnotations.instantiateAnyUnitiaializedSteps(StepAnnotations.java:89)&#13;
net.thucydides.core.steps.StepAnnotations.instanciateScenarioStepFields(StepAnnotations.java:70)&#13;
net.thucydides.core.steps.StepAnnotations.injectScenarioStepsInto(StepAnnotations.java:52)&#13;
io.cucumber.java.AbstractGlueDefinition.invokeMethod(AbstractGlueDefinition.java:47)&#13;
io.cucumber.java.JavaStepDefinition.execute(JavaStepDefinition.java:29)&#13;
io.cucumber.core.runner.CoreStepDefinition.execute(CoreStepDefinition.java:66)&#13;
io.cucumber.core.runner.PickleStepDefinitionMatch.runStep(PickleStepDefinitionMatch.java:63)&#13;
io.cucumber.core.runner.TestStep.executeStep(TestStep.java:84)&#13;
io.cucumber.core.runner.TestStep.run(TestStep.java:56)&#13;
io.cucumber.core.runner.PickleStepTestStep.run(PickleStepTestStep.java:51)&#13;
io.cucumber.core.runner.TestCase.run(TestCase.java:84)&#13;
io.cucumber.core.runner.Runner.runPickle(Runner.java:75)&#13;
io.cucumber.core.runtime.CucumberExecutionContext.lambda$runTestCase$5(CucumberExecutionContext.java:137)&#13;
io.cucumber.core.runtime.RethrowingThrowableCollector.executeAndThrow(RethrowingThrowableCollector.java:23)&#13;
io.cucumber.core.runtime.CucumberExecutionContext.runTestCase(CucumberExecutionContext.java:137)&#13;
io.cucumber.junit.FeatureRunner.runChild(FeatureRunner.java:144)&#13;
io.cucumber.junit.FeatureRunner.runChild(FeatureRunner.java:28)&#13;
io.cucumber.junit.FeatureRunner.run(FeatureRunner.java:137)&#13;
io.cucumber.junit.CucumberSerenityBaseRunner.runChild(CucumberSerenityBaseRunner.java:332)&#13;
io.cucumber.junit.CucumberSerenityBaseRunner.runChild(CucumberSerenityBaseRunner.java:53)&#13;
</system-err></testcase></testsuite>